Release 14.7 - xst P.20131013 (nt64)
Copyright (c) 1995-2013 Xilinx, Inc.  All rights reserved.
--> Parameter TMPDIR set to xst/projnav.tmp


Total REAL time to Xst completion: 0.00 secs
Total CPU time to Xst completion: 0.13 secs
 
--> Parameter xsthdpdir set to xst


Total REAL time to Xst completion: 0.00 secs
Total CPU time to Xst completion: 0.13 secs
 
--> Reading design: Cont8.prj

TABLE OF CONTENTS
  1) Synthesis Options Summary
  2) HDL Compilation
  3) Design Hierarchy Analysis
  4) HDL Analysis
  5) HDL Synthesis
     5.1) HDL Synthesis Report
  6) Advanced HDL Synthesis
     6.1) Advanced HDL Synthesis Report
  7) Low Level Synthesis
  8) Partition Report
  9) Final Report
	9.1) Device utilization summary
	9.2) Partition Resource Summary
	9.3) TIMING REPORT


=========================================================================
*                      Synthesis Options Summary                        *
=========================================================================
---- Source Parameters
Input File Name                    : "Cont8.prj"
Input Format                       : mixed
Ignore Synthesis Constraint File   : NO

---- Target Parameters
Output File Name                   : "Cont8"
Output Format                      : NGC
Target Device                      : xc3s100e-4-cp132

---- Source Options
Top Module Name                    : Cont8
Automatic FSM Extraction           : YES
FSM Encoding Algorithm             : Auto
Safe Implementation                : No
FSM Style                          : LUT
RAM Extraction                     : Yes
RAM Style                          : Auto
ROM Extraction                     : Yes
Mux Style                          : Auto
Decoder Extraction                 : YES
Priority Encoder Extraction        : Yes
Shift Register Extraction          : YES
Logical Shifter Extraction         : YES
XOR Collapsing                     : YES
ROM Style                          : Auto
Mux Extraction                     : Yes
Resource Sharing                   : YES
Asynchronous To Synchronous        : NO
Multiplier Style                   : Auto
Automatic Register Balancing       : No

---- Target Options
Add IO Buffers                     : YES
Global Maximum Fanout              : 500
Add Generic Clock Buffer(BUFG)     : 24
Register Duplication               : YES
Slice Packing                      : YES
Optimize Instantiated Primitives   : NO
Use Clock Enable                   : Yes
Use Synchronous Set                : Yes
Use Synchronous Reset              : Yes
Pack IO Registers into IOBs        : Auto
Equivalent register Removal        : YES

---- General Options
Optimization Goal                  : Speed
Optimization Effort                : 1
Keep Hierarchy                     : No
Netlist Hierarchy                  : As_Optimized
RTL Output                         : Yes
Global Optimization                : AllClockNets
Read Cores                         : YES
Write Timing Constraints           : NO
Cross Clock Analysis               : NO
Hierarchy Separator                : /
Bus Delimiter                      : <>
Case Specifier                     : Maintain
Slice Utilization Ratio            : 100
BRAM Utilization Ratio             : 100
Verilog 2001                       : YES
Auto BRAM Packing                  : NO
Slice Utilization Ratio Delta      : 5

=========================================================================


=========================================================================
*                          HDL Compilation                              *
=========================================================================
Compiling vhdl file "C:/Users/natal/Documents/Faculdade/4 Semestre/Sistemas Digitais/Neander/Cont8.vhd" in Library work.
Entity <cont8> compiled.
Entity <Cont8> (Architecture <Behavioral>) compiled.

=========================================================================
*                     Design Hierarchy Analysis                         *
=========================================================================
Analyzing hierarchy for entity <Cont8> in library <work> (architecture <Behavioral>).


=========================================================================
*                            HDL Analysis                               *
=========================================================================
Analyzing Entity <Cont8> in library <work> (Architecture <Behavioral>).
Entity <Cont8> analyzed. Unit <Cont8> generated.


=========================================================================
*                           HDL Synthesis                               *
=========================================================================

Performing bidirectional port resolution...

Synthesizing Unit <Cont8>.
    Related source file is "C:/Users/natal/Documents/Faculdade/4 Semestre/Sistemas Digitais/Neander/Cont8.vhd".
    Found 8-bit up counter for signal <dado>.
    Summary:
	inferred   1 Counter(s).
Unit <Cont8> synthesized.


=========================================================================
HDL Synthesis Report

Macro Statistics
# Counters                                             : 1
 8-bit up counter                                      : 1

=========================================================================

=========================================================================
*                       Advanced HDL Synthesis                          *
=========================================================================


=========================================================================
Advanced HDL Synthesis Report

Macro Statistics
# Counters                                             : 1
 8-bit up counter                                      : 1

=========================================================================

=========================================================================
*                         Low Level Synthesis                           *
=========================================================================

Optimizing unit <Cont8> ...

Mapping all equations...
Building and optimizing final netlist ...
Found area constraint ratio of 100 (+ 5) on block Cont8, actual ratio is 0.

Final Macro Processing ...

=========================================================================
Final Register Report

Macro Statistics
# Registers                                            : 8
 Flip-Flops                                            : 8

=========================================================================

=========================================================================
*                           Partition Report                            *
=========================================================================

Partition Implementation Status
-------------------------------

  No Partitions were found in this design.

-------------------------------

=========================================================================
*                            Final Report                               *
=========================================================================
Final Results
RTL Top Level Output File Name     : Cont8.ngr
Top Level Output File Name         : Cont8
Output Format                      : NGC
Optimization Goal                  : Speed
Keep Hierarchy                     : No

Design Statistics
# IOs                              : 20

Cell Usage :
# BELS                             : 26
#      GND                         : 1
#      INV                         : 1
#      LUT2                        : 1
#      LUT3                        : 8
#      MUXCY                       : 7
#      XORCY                       : 8
# FlipFlops/Latches                : 8
#      FDCE                        : 8
# Clock Buffers                    : 1
#      BUFGP                       : 1
# IO Buffers                       : 19
#      IBUF                        : 11
#      OBUF                        : 8
=========================================================================

Device utilization summary:
---------------------------

Selected Device : 3s100ecp132-4 

 Number of Slices:                        5  out of    960     0%  
 Number of Slice Flip Flops:              8  out of   1920     0%  
 Number of 4 input LUTs:                 10  out of   1920     0%  
 Number of IOs:                          20
 Number of bonded IOBs:                  20  out of     83    24%  
 Number of GCLKs:                         1  out of     24     4%  

---------------------------
Partition Resource Summary:
---------------------------

  No Partitions were found in this design.

---------------------------


=========================================================================
TIMING REPORT

NOTE: THESE TIMING NUMBERS ARE ONLY A SYNTHESIS ESTIMATE.
      FOR ACCURATE TIMING INFORMATION PLEASE REFER TO THE TRACE REPORT
      GENERATED AFTER PLACE-and-ROUTE.

Clock Information:
------------------
-----------------------------------+------------------------+-------+
Clock Signal                       | Clock buffer(FF name)  | Load  |
-----------------------------------+------------------------+-------+
clk                                | BUFGP                  | 8     |
-----------------------------------+------------------------+-------+

Asynchronous Control Signals Information:
----------------------------------------
-----------------------------------+------------------------+-------+
Control Signal                     | Buffer(FF name)        | Load  |
-----------------------------------+------------------------+-------+
reset                              | IBUF                   | 8     |
-----------------------------------+------------------------+-------+

Timing Summary:
---------------
Speed Grade: -4

   Minimum period: 3.707ns (Maximum Frequency: 269.760MHz)
   Minimum input arrival time before clock: 4.813ns
   Maximum output required time after clock: 4.310ns
   Maximum combinational path delay: No path found

Timing Detail:
--------------
All values displayed in nanoseconds (ns)

=========================================================================
Timing constraint: Default period analysis for Clock 'clk'
  Clock period: 3.707ns (frequency: 269.760MHz)
  Total number of paths / destination ports: 36 / 8
-------------------------------------------------------------------------
Delay:               3.707ns (Levels of Logic = 9)
  Source:            dado_0 (FF)
  Destination:       dado_7 (FF)
  Source Clock:      clk rising
  Destination Clock: clk rising

  Data Path: dado_0 to dado_7
                                Gate     Net
    Cell:in->out      fanout   Delay   Delay  Logical Name (Net Name)
    ----------------------------------------  ------------
     FDCE:C->Q             2   0.591   0.482  dado_0 (dado_0)
     LUT3:I2->O            1   0.704   0.000  Mcount_dado_lut<0> (Mcount_dado_lut<0>)
     MUXCY:S->O            1   0.464   0.000  Mcount_dado_cy<0> (Mcount_dado_cy<0>)
     MUXCY:CI->O           1   0.059   0.000  Mcount_dado_cy<1> (Mcount_dado_cy<1>)
     MUXCY:CI->O           1   0.059   0.000  Mcount_dado_cy<2> (Mcount_dado_cy<2>)
     MUXCY:CI->O           1   0.059   0.000  Mcount_dado_cy<3> (Mcount_dado_cy<3>)
     MUXCY:CI->O           1   0.059   0.000  Mcount_dado_cy<4> (Mcount_dado_cy<4>)
     MUXCY:CI->O           1   0.059   0.000  Mcount_dado_cy<5> (Mcount_dado_cy<5>)
     MUXCY:CI->O           0   0.059   0.000  Mcount_dado_cy<6> (Mcount_dado_cy<6>)
     XORCY:CI->O           1   0.804   0.000  Mcount_dado_xor<7> (Mcount_dado7)
     FDCE:D                    0.308          dado_7
    ----------------------------------------
    Total                      3.707ns (3.225ns logic, 0.482ns route)
                                       (87.0% logic, 13.0% route)

=========================================================================
Timing constraint: Default OFFSET IN BEFORE for Clock 'clk'
  Total number of paths / destination ports: 96 / 16
-------------------------------------------------------------------------
Offset:              4.813ns (Levels of Logic = 10)
  Source:            carga (PAD)
  Destination:       dado_7 (FF)
  Destination Clock: clk rising

  Data Path: carga to dado_7
                                Gate     Net
    Cell:in->out      fanout   Delay   Delay  Logical Name (Net Name)
    ----------------------------------------  ------------
     IBUF:I->O            10   1.218   0.961  carga_IBUF (carga_IBUF)
     LUT3:I1->O            1   0.704   0.000  Mcount_dado_lut<0> (Mcount_dado_lut<0>)
     MUXCY:S->O            1   0.464   0.000  Mcount_dado_cy<0> (Mcount_dado_cy<0>)
     MUXCY:CI->O           1   0.059   0.000  Mcount_dado_cy<1> (Mcount_dado_cy<1>)
     MUXCY:CI->O           1   0.059   0.000  Mcount_dado_cy<2> (Mcount_dado_cy<2>)
     MUXCY:CI->O           1   0.059   0.000  Mcount_dado_cy<3> (Mcount_dado_cy<3>)
     MUXCY:CI->O           1   0.059   0.000  Mcount_dado_cy<4> (Mcount_dado_cy<4>)
     MUXCY:CI->O           1   0.059   0.000  Mcount_dado_cy<5> (Mcount_dado_cy<5>)
     MUXCY:CI->O           0   0.059   0.000  Mcount_dado_cy<6> (Mcount_dado_cy<6>)
     XORCY:CI->O           1   0.804   0.000  Mcount_dado_xor<7> (Mcount_dado7)
     FDCE:D                    0.308          dado_7
    ----------------------------------------
    Total                      4.813ns (3.852ns logic, 0.961ns route)
                                       (80.0% logic, 20.0% route)

=========================================================================
Timing constraint: Default OFFSET OUT AFTER for Clock 'clk'
  Total number of paths / destination ports: 8 / 8
-------------------------------------------------------------------------
Offset:              4.310ns (Levels of Logic = 1)
  Source:            dado_7 (FF)
  Destination:       cont<7> (PAD)
  Source Clock:      clk rising

  Data Path: dado_7 to cont<7>
                                Gate     Net
    Cell:in->out      fanout   Delay   Delay  Logical Name (Net Name)
    ----------------------------------------  ------------
     FDCE:C->Q             2   0.591   0.447  dado_7 (dado_7)
     OBUF:I->O                 3.272          cont_7_OBUF (cont<7>)
    ----------------------------------------
    Total                      4.310ns (3.863ns logic, 0.447ns route)
                                       (89.6% logic, 10.4% route)

=========================================================================


Total REAL time to Xst completion: 5.00 secs
Total CPU time to Xst completion: 4.91 secs
 
--> 

Total memory usage is 288976 kilobytes

Number of errors   :    0 (   0 filtered)
Number of warnings :    0 (   0 filtered)
Number of infos    :    0 (   0 filtered)

