Running: C:\Xilinx\14.7\ISE_DS\ISE\bin\nt64\unwrapped\fuse.exe -intstyle ise -incremental -o C:/Users/natal/Documents/GitHub/Neander/TB_ULA_isim_beh.exe -prj C:/Users/natal/Documents/GitHub/Neander/TB_ULA_beh.prj work.TB_ULA 
ISim P.20131013 (signature 0x7708f090)
Number of CPUs detected in this system: 4
Turning on mult-threading, number of parallel sub-compilation jobs: 8 
Determining compilation order of HDL files
Parsing VHDL file "C:/Users/natal/Documents/GitHub/Neander/ULA.vhd" into library work
Parsing VHDL file "C:/Users/natal/Documents/GitHub/Neander/TB_ULA.vhd" into library work
Starting static elaboration
Completed static elaboration
Compiling package standard
Compiling package std_logic_1164
Compiling package std_logic_arith
Compiling package std_logic_unsigned
Compiling architecture behavioral of entity ULA [ula_default]
Compiling architecture behavior of entity tb_ula
Time Resolution for simulation is 1ps.
Waiting for 1 sub-compilation(s) to finish...
Compiled 7 VHDL Units
Built simulation executable C:/Users/natal/Documents/GitHub/Neander/TB_ULA_isim_beh.exe
Fuse Memory Usage: 34032 KB
Fuse CPU Usage: 530 ms
