Release 14.7 - xst P.20131013 (nt64)
Copyright (c) 1995-2013 Xilinx, Inc.  All rights reserved.
--> Parameter TMPDIR set to xst/projnav.tmp


Total REAL time to Xst completion: 0.00 secs
Total CPU time to Xst completion: 0.11 secs
 
--> Parameter xsthdpdir set to xst


Total REAL time to Xst completion: 0.00 secs
Total CPU time to Xst completion: 0.11 secs
 
--> Reading design: GeradorTempos.prj

TABLE OF CONTENTS
  1) Synthesis Options Summary
  2) HDL Compilation
  3) Design Hierarchy Analysis
  4) HDL Analysis
  5) HDL Synthesis
     5.1) HDL Synthesis Report
  6) Advanced HDL Synthesis
     6.1) Advanced HDL Synthesis Report
  7) Low Level Synthesis
  8) Partition Report
  9) Final Report
	9.1) Device utilization summary
	9.2) Partition Resource Summary
	9.3) TIMING REPORT


=========================================================================
*                      Synthesis Options Summary                        *
=========================================================================
---- Source Parameters
Input File Name                    : "GeradorTempos.prj"
Input Format                       : mixed
Ignore Synthesis Constraint File   : NO

---- Target Parameters
Output File Name                   : "GeradorTempos"
Output Format                      : NGC
Target Device                      : xc3s100e-4-cp132

---- Source Options
Top Module Name                    : GeradorTempos
Automatic FSM Extraction           : YES
FSM Encoding Algorithm             : Auto
Safe Implementation                : No
FSM Style                          : LUT
RAM Extraction                     : Yes
RAM Style                          : Auto
ROM Extraction                     : Yes
Mux Style                          : Auto
Decoder Extraction                 : YES
Priority Encoder Extraction        : Yes
Shift Register Extraction          : YES
Logical Shifter Extraction         : YES
XOR Collapsing                     : YES
ROM Style                          : Auto
Mux Extraction                     : Yes
Resource Sharing                   : YES
Asynchronous To Synchronous        : NO
Multiplier Style                   : Auto
Automatic Register Balancing       : No

---- Target Options
Add IO Buffers                     : YES
Global Maximum Fanout              : 100000
Add Generic Clock Buffer(BUFG)     : 24
Register Duplication               : YES
Slice Packing                      : YES
Optimize Instantiated Primitives   : NO
Use Clock Enable                   : Yes
Use Synchronous Set                : Yes
Use Synchronous Reset              : Yes
Pack IO Registers into IOBs        : Auto
Equivalent register Removal        : YES

---- General Options
Optimization Goal                  : Speed
Optimization Effort                : 1
Keep Hierarchy                     : No
Netlist Hierarchy                  : As_Optimized
RTL Output                         : Yes
Global Optimization                : AllClockNets
Read Cores                         : YES
Write Timing Constraints           : NO
Cross Clock Analysis               : NO
Hierarchy Separator                : /
Bus Delimiter                      : <>
Case Specifier                     : Maintain
Slice Utilization Ratio            : 100
BRAM Utilization Ratio             : 100
Verilog 2001                       : YES
Auto BRAM Packing                  : NO
Slice Utilization Ratio Delta      : 5

---- Other Options
Cores Search Directories           : {"ipcore_dir"  }

=========================================================================


=========================================================================
*                          HDL Compilation                              *
=========================================================================
Compiling vhdl file "C:/Users/natal/Documents/GitHub/Neander/FlipFlopJK.vhd" in Library work.
Architecture behavioral of Entity flipflopjk is up to date.
Compiling vhdl file "C:/Users/natal/Documents/GitHub/Neander/Decoder3.vhd" in Library work.
Architecture behavioral of Entity decoder3 is up to date.
Compiling vhdl file "C:/Users/natal/Documents/GitHub/Neander/GeradorTempos.vhd" in Library work.
Entity <geradortempos> compiled.
Entity <GeradorTempos> (Architecture <Behavioral>) compiled.

=========================================================================
*                     Design Hierarchy Analysis                         *
=========================================================================
Analyzing hierarchy for entity <GeradorTempos> in library <work> (architecture <Behavioral>).

Analyzing hierarchy for entity <FlipFlopJK> in library <work> (architecture <Behavioral>).

Analyzing hierarchy for entity <Decoder3> in library <work> (architecture <Behavioral>).


=========================================================================
*                            HDL Analysis                               *
=========================================================================
Analyzing Entity <GeradorTempos> in library <work> (Architecture <Behavioral>).
Entity <GeradorTempos> analyzed. Unit <GeradorTempos> generated.

Analyzing Entity <FlipFlopJK> in library <work> (Architecture <Behavioral>).
Entity <FlipFlopJK> analyzed. Unit <FlipFlopJK> generated.

Analyzing Entity <Decoder3> in library <work> (Architecture <Behavioral>).
Entity <Decoder3> analyzed. Unit <Decoder3> generated.


=========================================================================
*                           HDL Synthesis                               *
=========================================================================

Performing bidirectional port resolution...

Synthesizing Unit <FlipFlopJK>.
    Related source file is "C:/Users/natal/Documents/GitHub/Neander/FlipFlopJK.vhd".
    Found 1-bit register for signal <dado>.
    Summary:
	inferred   1 D-type flip-flop(s).
Unit <FlipFlopJK> synthesized.


Synthesizing Unit <Decoder3>.
    Related source file is "C:/Users/natal/Documents/GitHub/Neander/Decoder3.vhd".
    Found 1-of-8 decoder for signal <saida>.
    Summary:
	inferred   1 Decoder(s).
Unit <Decoder3> synthesized.


Synthesizing Unit <GeradorTempos>.
    Related source file is "C:/Users/natal/Documents/GitHub/Neander/GeradorTempos.vhd".
Unit <GeradorTempos> synthesized.


=========================================================================
HDL Synthesis Report

Macro Statistics
# Registers                                            : 3
 1-bit register                                        : 3
# Decoders                                             : 1
 1-of-8 decoder                                        : 1

=========================================================================

=========================================================================
*                       Advanced HDL Synthesis                          *
=========================================================================


=========================================================================
Advanced HDL Synthesis Report

Macro Statistics
# Registers                                            : 3
 Flip-Flops                                            : 3
# Decoders                                             : 1
 1-of-8 decoder                                        : 1

=========================================================================

=========================================================================
*                         Low Level Synthesis                           *
=========================================================================

Optimizing unit <GeradorTempos> ...

Mapping all equations...
Building and optimizing final netlist ...
Found area constraint ratio of 100 (+ 5) on block GeradorTempos, actual ratio is 0.

Final Macro Processing ...

=========================================================================
Final Register Report

Macro Statistics
# Registers                                            : 3
 Flip-Flops                                            : 3

=========================================================================

=========================================================================
*                           Partition Report                            *
=========================================================================

Partition Implementation Status
-------------------------------

  No Partitions were found in this design.

-------------------------------

=========================================================================
*                            Final Report                               *
=========================================================================
Final Results
RTL Top Level Output File Name     : GeradorTempos.ngr
Top Level Output File Name         : GeradorTempos
Output Format                      : NGC
Optimization Goal                  : Speed
Keep Hierarchy                     : No

Design Statistics
# IOs                              : 10

Cell Usage :
# BELS                             : 14
#      LUT2                        : 4
#      LUT3                        : 9
#      VCC                         : 1
# FlipFlops/Latches                : 3
#      FDE                         : 3
# Clock Buffers                    : 1
#      BUFGP                       : 1
# IO Buffers                       : 9
#      IBUF                        : 1
#      OBUF                        : 8
=========================================================================

Device utilization summary:
---------------------------

Selected Device : 3s100ecp132-4 

 Number of Slices:                        7  out of    960     0%  
 Number of Slice Flip Flops:              3  out of   1920     0%  
 Number of 4 input LUTs:                 13  out of   1920     0%  
 Number of IOs:                          10
 Number of bonded IOBs:                  10  out of     83    12%  
 Number of GCLKs:                         1  out of     24     4%  

---------------------------
Partition Resource Summary:
---------------------------

  No Partitions were found in this design.

---------------------------


=========================================================================
TIMING REPORT

NOTE: THESE TIMING NUMBERS ARE ONLY A SYNTHESIS ESTIMATE.
      FOR ACCURATE TIMING INFORMATION PLEASE REFER TO THE TRACE REPORT
      GENERATED AFTER PLACE-and-ROUTE.

Clock Information:
------------------
-----------------------------------+------------------------+-------+
Clock Signal                       | Clock buffer(FF name)  | Load  |
-----------------------------------+------------------------+-------+
clk                                | BUFGP                  | 3     |
-----------------------------------+------------------------+-------+

Asynchronous Control Signals Information:
----------------------------------------
No asynchronous control signals found in this design

Timing Summary:
---------------
Speed Grade: -4

   Minimum period: 3.282ns (Maximum Frequency: 304.692MHz)
   Minimum input arrival time before clock: 3.705ns
   Maximum output required time after clock: 6.095ns
   Maximum combinational path delay: No path found

Timing Detail:
--------------
All values displayed in nanoseconds (ns)

=========================================================================
Timing constraint: Default period analysis for Clock 'clk'
  Clock period: 3.282ns (frequency: 304.692MHz)
  Total number of paths / destination ports: 6 / 5
-------------------------------------------------------------------------
Delay:               3.282ns (Levels of Logic = 1)
  Source:            JK1/dado (FF)
  Destination:       JK2/dado (FF)
  Source Clock:      clk rising
  Destination Clock: clk rising

  Data Path: JK1/dado to JK2/dado
                                Gate     Net
    Cell:in->out      fanout   Delay   Delay  Logical Name (Net Name)
    ----------------------------------------  ------------
     FDE:C->Q             11   0.591   1.012  JK1/dado (JK1/dado)
     LUT2:I1->O            1   0.704   0.420  JK2/dado_not00011 (JK2/dado_not0001)
     FDE:CE                    0.555          JK2/dado
    ----------------------------------------
    Total                      3.282ns (1.850ns logic, 1.432ns route)
                                       (56.4% logic, 43.6% route)

=========================================================================
Timing constraint: Default OFFSET IN BEFORE for Clock 'clk'
  Total number of paths / destination ports: 5 / 5
-------------------------------------------------------------------------
Offset:              3.705ns (Levels of Logic = 2)
  Source:            goto_t0 (PAD)
  Destination:       JK3/dado (FF)
  Destination Clock: clk rising

  Data Path: goto_t0 to JK3/dado
                                Gate     Net
    Cell:in->out      fanout   Delay   Delay  Logical Name (Net Name)
    ----------------------------------------  ------------
     IBUF:I->O             5   1.218   0.808  goto_t0_IBUF (JK1/dado_and0001)
     LUT2:I0->O            1   0.704   0.420  JK2/dado_not00011 (JK2/dado_not0001)
     FDE:CE                    0.555          JK2/dado
    ----------------------------------------
    Total                      3.705ns (2.477ns logic, 1.228ns route)
                                       (66.9% logic, 33.1% route)

=========================================================================
Timing constraint: Default OFFSET OUT AFTER for Clock 'clk'
  Total number of paths / destination ports: 24 / 8
-------------------------------------------------------------------------
Offset:              6.095ns (Levels of Logic = 2)
  Source:            JK1/dado (FF)
  Destination:       tempos<4> (PAD)
  Source Clock:      clk rising

  Data Path: JK1/dado to tempos<4>
                                Gate     Net
    Cell:in->out      fanout   Delay   Delay  Logical Name (Net Name)
    ----------------------------------------  ------------
     FDE:C->Q             11   0.591   1.108  JK1/dado (JK1/dado)
     LUT3:I0->O            1   0.704   0.420  DECODER/Mdecod_saida41 (tempos_4_OBUF)
     OBUF:I->O                 3.272          tempos_4_OBUF (tempos<4>)
    ----------------------------------------
    Total                      6.095ns (4.567ns logic, 1.528ns route)
                                       (74.9% logic, 25.1% route)

=========================================================================


Total REAL time to Xst completion: 4.00 secs
Total CPU time to Xst completion: 4.54 secs
 
--> 

Total memory usage is 289632 kilobytes

Number of errors   :    0 (   0 filtered)
Number of warnings :    0 (   0 filtered)
Number of infos    :    0 (   0 filtered)

