Release 14.7 - xst P.20131013 (nt64)
Copyright (c) 1995-2013 Xilinx, Inc.  All rights reserved.
--> Parameter TMPDIR set to xst/projnav.tmp


Total REAL time to Xst completion: 0.00 secs
Total CPU time to Xst completion: 0.13 secs
 
--> Parameter xsthdpdir set to xst


Total REAL time to Xst completion: 0.00 secs
Total CPU time to Xst completion: 0.13 secs
 
--> Reading design: UnidadeControle.prj

TABLE OF CONTENTS
  1) Synthesis Options Summary
  2) HDL Compilation
  3) Design Hierarchy Analysis
  4) HDL Analysis
  5) HDL Synthesis
     5.1) HDL Synthesis Report
  6) Advanced HDL Synthesis
     6.1) Advanced HDL Synthesis Report
  7) Low Level Synthesis
  8) Partition Report
  9) Final Report
	9.1) Device utilization summary
	9.2) Partition Resource Summary
	9.3) TIMING REPORT


=========================================================================
*                      Synthesis Options Summary                        *
=========================================================================
---- Source Parameters
Input File Name                    : "UnidadeControle.prj"
Input Format                       : mixed
Ignore Synthesis Constraint File   : NO

---- Target Parameters
Output File Name                   : "UnidadeControle"
Output Format                      : NGC
Target Device                      : xc3s100e-4-cp132

---- Source Options
Top Module Name                    : UnidadeControle
Automatic FSM Extraction           : YES
FSM Encoding Algorithm             : Auto
Safe Implementation                : No
FSM Style                          : LUT
RAM Extraction                     : Yes
RAM Style                          : Auto
ROM Extraction                     : Yes
Mux Style                          : Auto
Decoder Extraction                 : YES
Priority Encoder Extraction        : Yes
Shift Register Extraction          : YES
Logical Shifter Extraction         : YES
XOR Collapsing                     : YES
ROM Style                          : Auto
Mux Extraction                     : Yes
Resource Sharing                   : YES
Asynchronous To Synchronous        : NO
Multiplier Style                   : Auto
Automatic Register Balancing       : No

---- Target Options
Add IO Buffers                     : YES
Global Maximum Fanout              : 100000
Add Generic Clock Buffer(BUFG)     : 24
Register Duplication               : YES
Slice Packing                      : YES
Optimize Instantiated Primitives   : NO
Use Clock Enable                   : Yes
Use Synchronous Set                : Yes
Use Synchronous Reset              : Yes
Pack IO Registers into IOBs        : Auto
Equivalent register Removal        : YES

---- General Options
Optimization Goal                  : Speed
Optimization Effort                : 1
Keep Hierarchy                     : No
Netlist Hierarchy                  : As_Optimized
RTL Output                         : Yes
Global Optimization                : AllClockNets
Read Cores                         : YES
Write Timing Constraints           : NO
Cross Clock Analysis               : NO
Hierarchy Separator                : /
Bus Delimiter                      : <>
Case Specifier                     : Maintain
Slice Utilization Ratio            : 100
BRAM Utilization Ratio             : 100
Verilog 2001                       : YES
Auto BRAM Packing                  : NO
Slice Utilization Ratio Delta      : 5

---- Other Options
Cores Search Directories           : {"ipcore_dir"  }

=========================================================================


=========================================================================
*                          HDL Compilation                              *
=========================================================================
Compiling vhdl file "C:/Users/natal/Documents/GitHub/Neander/UnidadeControle.vhd" in Library work.
Architecture behavioral of Entity unidadecontrole is up to date.

=========================================================================
*                     Design Hierarchy Analysis                         *
=========================================================================
Analyzing hierarchy for entity <UnidadeControle> in library <work> (architecture <behavioral>).


=========================================================================
*                            HDL Analysis                               *
=========================================================================
Analyzing Entity <UnidadeControle> in library <work> (Architecture <behavioral>).
WARNING:Xst:819 - "C:/Users/natal/Documents/GitHub/Neander/UnidadeControle.vhd" line 83: One or more signals are missing in the process sensitivity list. To enable synthesis of FPGA/CPLD hardware, XST will assume that all necessary signals are present in the sensitivity list. Please note that the result of the synthesis may differ from the initial design specification. The missing signals are:
   <Temp>
Entity <UnidadeControle> analyzed. Unit <UnidadeControle> generated.


=========================================================================
*                           HDL Synthesis                               *
=========================================================================

Performing bidirectional port resolution...

Synthesizing Unit <UnidadeControle>.
    Related source file is "C:/Users/natal/Documents/GitHub/Neander/UnidadeControle.vhd".
    Register <cargaNZ> equivalent to <cargaAC> has been removed
WARNING:Xst:737 - Found 1-bit latch for signal <sel>. Latches may be generated from incomplete case or if statements. We do not recommend the use of latches in FPGA/CPLD designs, as they may lead to timing problems.
WARNING:Xst:737 - Found 1-bit latch for signal <halt>. Latches may be generated from incomplete case or if statements. We do not recommend the use of latches in FPGA/CPLD designs, as they may lead to timing problems.
WARNING:Xst:737 - Found 1-bit latch for signal <cargaPC>. Latches may be generated from incomplete case or if statements. We do not recommend the use of latches in FPGA/CPLD designs, as they may lead to timing problems.
WARNING:Xst:737 - Found 3-bit latch for signal <selULA>. Latches may be generated from incomplete case or if statements. We do not recommend the use of latches in FPGA/CPLD designs, as they may lead to timing problems.
WARNING:Xst:737 - Found 1-bit latch for signal <cargaRI>. Latches may be generated from incomplete case or if statements. We do not recommend the use of latches in FPGA/CPLD designs, as they may lead to timing problems.
WARNING:Xst:737 - Found 1-bit latch for signal <cargaRDM>. Latches may be generated from incomplete case or if statements. We do not recommend the use of latches in FPGA/CPLD designs, as they may lead to timing problems.
WARNING:Xst:737 - Found 1-bit latch for signal <RD>. Latches may be generated from incomplete case or if statements. We do not recommend the use of latches in FPGA/CPLD designs, as they may lead to timing problems.
WARNING:Xst:737 - Found 1-bit latch for signal <cargaREM>. Latches may be generated from incomplete case or if statements. We do not recommend the use of latches in FPGA/CPLD designs, as they may lead to timing problems.
WARNING:Xst:737 - Found 1-bit latch for signal <incPC>. Latches may be generated from incomplete case or if statements. We do not recommend the use of latches in FPGA/CPLD designs, as they may lead to timing problems.
WARNING:Xst:737 - Found 1-bit latch for signal <goto>. Latches may be generated from incomplete case or if statements. We do not recommend the use of latches in FPGA/CPLD designs, as they may lead to timing problems.
WARNING:Xst:737 - Found 1-bit latch for signal <WRT>. Latches may be generated from incomplete case or if statements. We do not recommend the use of latches in FPGA/CPLD designs, as they may lead to timing problems.
WARNING:Xst:737 - Found 1-bit latch for signal <cargaAC>. Latches may be generated from incomplete case or if statements. We do not recommend the use of latches in FPGA/CPLD designs, as they may lead to timing problems.
    Using one-hot encoding for signal <state>.
WARNING:Xst:737 - Found 8-bit latch for signal <next_state>. Latches may be generated from incomplete case or if statements. We do not recommend the use of latches in FPGA/CPLD designs, as they may lead to timing problems.
INFO:Xst:2371 - HDL ADVISOR - Logic functions respectively driving the data and gate enable inputs of this latch share common terms. This situation will potentially lead to setup/hold violations and, as a result, to simulation problems. This situation may come from an incomplete case statement (all selector values are not covered). You should carefully review if it was in your intentions to describe such a latch.
    Found 8-bit comparator greater for signal <sel$cmp_gt0000> created at line 85.
    Found 8-bit register for signal <state>.
    Summary:
	inferred   1 Comparator(s).
Unit <UnidadeControle> synthesized.


=========================================================================
HDL Synthesis Report

Macro Statistics
# Registers                                            : 1
 8-bit register                                        : 1
# Latches                                              : 13
 1-bit latch                                           : 11
 3-bit latch                                           : 1
 8-bit latch                                           : 1
# Comparators                                          : 1
 8-bit comparator greater                              : 1

=========================================================================

=========================================================================
*                       Advanced HDL Synthesis                          *
=========================================================================


=========================================================================
Advanced HDL Synthesis Report

Macro Statistics
# Registers                                            : 8
 Flip-Flops                                            : 8
# Latches                                              : 13
 1-bit latch                                           : 11
 3-bit latch                                           : 1
 8-bit latch                                           : 1
# Comparators                                          : 1
 8-bit comparator greater                              : 1

=========================================================================

=========================================================================
*                         Low Level Synthesis                           *
=========================================================================

Optimizing unit <UnidadeControle> ...

Mapping all equations...
Building and optimizing final netlist ...
Found area constraint ratio of 100 (+ 5) on block UnidadeControle, actual ratio is 6.

Final Macro Processing ...

=========================================================================
Final Register Report

Macro Statistics
# Registers                                            : 8
 Flip-Flops                                            : 8

=========================================================================

=========================================================================
*                           Partition Report                            *
=========================================================================

Partition Implementation Status
-------------------------------

  No Partitions were found in this design.

-------------------------------

=========================================================================
*                            Final Report                               *
=========================================================================
Final Results
RTL Top Level Output File Name     : UnidadeControle.ngr
Top Level Output File Name         : UnidadeControle
Output Format                      : NGC
Optimization Goal                  : Speed
Keep Hierarchy                     : No

Design Statistics
# IOs                              : 41

Cell Usage :
# BELS                             : 110
#      GND                         : 1
#      LUT2                        : 6
#      LUT3                        : 22
#      LUT4                        : 73
#      MUXF5                       : 7
#      VCC                         : 1
# FlipFlops/Latches                : 30
#      FDC                         : 7
#      FDP                         : 1
#      LD                          : 22
# Clock Buffers                    : 1
#      BUFGP                       : 1
# IO Buffers                       : 40
#      IBUF                        : 25
#      OBUF                        : 15
=========================================================================

Device utilization summary:
---------------------------

Selected Device : 3s100ecp132-4 

 Number of Slices:                       60  out of    960     6%  
 Number of Slice Flip Flops:             30  out of   1920     1%  
 Number of 4 input LUTs:                101  out of   1920     5%  
 Number of IOs:                          41
 Number of bonded IOBs:                  41  out of     83    49%  
 Number of GCLKs:                         1  out of     24     4%  

---------------------------
Partition Resource Summary:
---------------------------

  No Partitions were found in this design.

---------------------------


=========================================================================
TIMING REPORT

NOTE: THESE TIMING NUMBERS ARE ONLY A SYNTHESIS ESTIMATE.
      FOR ACCURATE TIMING INFORMATION PLEASE REFER TO THE TRACE REPORT
      GENERATED AFTER PLACE-and-ROUTE.

Clock Information:
------------------
--------------------------------------------+------------------------+-------+
Clock Signal                                | Clock buffer(FF name)  | Load  |
--------------------------------------------+------------------------+-------+
sel_cmp_gt0000(sel_cmp_gt000021:O)          | NONE(*)(cargaAC)       | 14    |
next_state_not0001(next_state_not00011215:O)| NONE(*)(next_state_0)  | 8     |
clk                                         | BUFGP                  | 8     |
--------------------------------------------+------------------------+-------+
(*) These 2 clock signal(s) are generated by combinatorial logic,
and XST is not able to identify which are the primary clock signals.
Please use the CLOCK_SIGNAL constraint to specify the clock signal(s) generated by combinatorial logic.
INFO:Xst:2169 - HDL ADVISOR - Some clock signals were not automatically buffered by XST with BUFG/BUFR resources. Please use the buffer_type constraint in order to insert these buffers to the clock signals to help prevent skew problems.

Asynchronous Control Signals Information:
----------------------------------------
-----------------------------------+------------------------+-------+
Control Signal                     | Buffer(FF name)        | Load  |
-----------------------------------+------------------------+-------+
rst                                | IBUF                   | 8     |
-----------------------------------+------------------------+-------+

Timing Summary:
---------------
Speed Grade: -4

   Minimum period: 2.254ns (Maximum Frequency: 443.656MHz)
   Minimum input arrival time before clock: 11.057ns
   Maximum output required time after clock: 4.479ns
   Maximum combinational path delay: No path found

Timing Detail:
--------------
All values displayed in nanoseconds (ns)

=========================================================================
Timing constraint: Default period analysis for Clock 'sel_cmp_gt0000'
  Clock period: 2.254ns (frequency: 443.656MHz)
  Total number of paths / destination ports: 14 / 14
-------------------------------------------------------------------------
Delay:               2.254ns (Levels of Logic = 1)
  Source:            cargaAC (LATCH)
  Destination:       cargaAC (LATCH)
  Source Clock:      sel_cmp_gt0000 falling
  Destination Clock: sel_cmp_gt0000 falling

  Data Path: cargaAC to cargaAC
                                Gate     Net
    Cell:in->out      fanout   Delay   Delay  Logical Name (Net Name)
    ----------------------------------------  ------------
     LD:G->Q               3   0.676   0.566  cargaAC (cargaAC_OBUF)
     LUT3:I2->O            1   0.704   0.000  cargaAC_mux000119 (cargaAC_mux0001)
     LD:D                      0.308          cargaAC
    ----------------------------------------
    Total                      2.254ns (1.688ns logic, 0.566ns route)
                                       (74.9% logic, 25.1% route)

=========================================================================
Timing constraint: Default OFFSET IN BEFORE for Clock 'sel_cmp_gt0000'
  Total number of paths / destination ports: 738 / 13
-------------------------------------------------------------------------
Offset:              11.057ns (Levels of Logic = 8)
  Source:            Decoder<8> (PAD)
  Destination:       cargaPC (LATCH)
  Destination Clock: sel_cmp_gt0000 falling

  Data Path: Decoder<8> to cargaPC
                                Gate     Net
    Cell:in->out      fanout   Delay   Delay  Logical Name (Net Name)
    ----------------------------------------  ------------
     IBUF:I->O             3   1.218   0.706  Decoder_8_IBUF (Decoder_8_IBUF)
     LUT3:I0->O            2   0.704   0.622  sel_or000011 (N41)
     LUT3:I0->O           11   0.704   0.937  cargaPC_cmp_eq000311 (N19)
     LUT4:I3->O            1   0.704   0.595  cargaPC_cmp_eq0003_SW0 (N17)
     LUT4:I0->O            4   0.704   0.622  cargaPC_cmp_eq0003 (cargaPC_cmp_eq0003)
     LUT3:I2->O            2   0.704   0.526  cargaPC_or00011 (cargaPC_or0001)
     LUT3:I1->O            1   0.704   0.595  cargaPC_mux0001_SW0 (N191)
     LUT4:I0->O            1   0.704   0.000  cargaPC_mux0001 (cargaPC_mux0001)
     LD:D                      0.308          cargaPC
    ----------------------------------------
    Total                     11.057ns (6.454ns logic, 4.603ns route)
                                       (58.4% logic, 41.6% route)

=========================================================================
Timing constraint: Default OFFSET IN BEFORE for Clock 'next_state_not0001'
  Total number of paths / destination ports: 63 / 8
-------------------------------------------------------------------------
Offset:              5.802ns (Levels of Logic = 4)
  Source:            Temp<5> (PAD)
  Destination:       next_state_1 (LATCH)
  Destination Clock: next_state_not0001 falling

  Data Path: Temp<5> to next_state_1
                                Gate     Net
    Cell:in->out      fanout   Delay   Delay  Logical Name (Net Name)
    ----------------------------------------  ------------
     IBUF:I->O             8   1.218   0.932  Temp_5_IBUF (Temp_5_IBUF)
     LUT4:I0->O            3   0.704   0.610  next_state_cmp_eq000661 (next_state_cmp_eq0006_bdd6)
     LUT2:I1->O            4   0.704   0.622  next_state_cmp_eq000651 (next_state_cmp_eq0006_bdd4)
     LUT4:I2->O            1   0.704   0.000  next_state_cmp_eq000811 (next_state_cmp_eq0008)
     LD:D                      0.308          next_state_1
    ----------------------------------------
    Total                      5.802ns (3.638ns logic, 2.164ns route)
                                       (62.7% logic, 37.3% route)

=========================================================================
Timing constraint: Default OFFSET OUT AFTER for Clock 'sel_cmp_gt0000'
  Total number of paths / destination ports: 15 / 15
-------------------------------------------------------------------------
Offset:              4.479ns (Levels of Logic = 1)
  Source:            cargaAC (LATCH)
  Destination:       cargaNZ (PAD)
  Source Clock:      sel_cmp_gt0000 falling

  Data Path: cargaAC to cargaNZ
                                Gate     Net
    Cell:in->out      fanout   Delay   Delay  Logical Name (Net Name)
    ----------------------------------------  ------------
     LD:G->Q               3   0.676   0.531  cargaAC (cargaAC_OBUF)
     OBUF:I->O                 3.272          cargaNZ_OBUF (cargaNZ)
    ----------------------------------------
    Total                      4.479ns (3.948ns logic, 0.531ns route)
                                       (88.1% logic, 11.9% route)

=========================================================================


Total REAL time to Xst completion: 6.00 secs
Total CPU time to Xst completion: 6.02 secs
 
--> 

Total memory usage is 327052 kilobytes

Number of errors   :    0 (   0 filtered)
Number of warnings :   14 (   0 filtered)
Number of infos    :    2 (   0 filtered)

