Command line:
   UC_isim_beh.exe
     -simmode  gui
     -simrunnum  1
     -socket  53402

Sat Sep 24 17:53:37 2016


 Elaboration Time: 0.03125 sec

 Current Memory Usage: 845.713 Meg

 Total Signals          : 36
 Total Nets             : 43
 Total Signal Drivers   : 19
 Total Blocks           : 3
 Total Primitive Blocks : 2
 Total Processes        : 5
 Total Traceable Variables  : 9
 Total Scalar Nets and Variables : 404
Total Line Count : 183

 Total Simulation Time: 0.0625 sec

 Current Memory Usage: 845.713 Meg

Sat Sep 24 17:53:42 2016

