Command line:
   TB_ULA_isim_beh.exe
     -simmode  gui
     -simrunnum  0
     -socket  50134

Sat Sep 24 12:58:04 2016


 Elaboration Time: 0.03125 sec

 Current Memory Usage: 845.84 Meg

 Total Signals          : 11
 Total Nets             : 37
 Total Signal Drivers   : 7
 Total Blocks           : 5
 Total Primitive Blocks : 4
 Total Processes        : 5
 Total Traceable Variables  : 10
 Total Scalar Nets and Variables : 415
Total Line Count : 23

 Total Simulation Time: 0.3125 sec

 Current Memory Usage: 845.84 Meg

Sat Sep 24 12:58:27 2016

